<?xml version="1.0" encoding="UTF-8"?>
<!-- Generated by org.testng.reporters.JUnitXMLReporter -->
<testsuite hostname="SaranyaPC" ignored="0" name="E22 Test" tests="2" failures="0" timestamp="2020-06-03T09:08:06 IST" time="0.009" errors="0">
  <testcase name="@BeforeTest initalizeTest" time="0.001" classname="Academy.E2EMechanismTest">
    <failure type="java.lang.NullPointerException">
      <![CDATA[java.lang.NullPointerException
at resources.base.initializeDriver(base.java:29)
at Academy.E2EMechanismTest.initalizeTest(E2EMechanismTest.java:23)
... Removed 28 stack frames]]>
    </failure>
  </testcase> <!-- @BeforeTest initalizeTest -->
  <testcase name="@AfterTest tearDown" time="-1.591155486149E9" classname="Academy.E2EMechanismTest">
    <skipped/>
  </testcase> <!-- @AfterTest tearDown -->
  <testcase name="basePageNavigation" time="0.0" classname="Academy.E2EMechanismTest">
    <skipped/>
  </testcase> <!-- basePageNavigation -->
  <testcase name="basePageNavigation" time="0.0" classname="Academy.E2EMechanismTest">
    <skipped/>
  </testcase> <!-- basePageNavigation -->
</testsuite> <!-- E22 Test -->
